Build started 14/04/2015 19:59:52.
     1>Project "N:\Year 3\Creative Technology Project\C++\Tutorial05\Tutorial05_2012.vcxproj" on node 2 (Build target(s)).
     1>ClCompile:
         C:\Program Files (x86)\Microsoft Visual Studio 11.0\VC\bin\CL.exe /c /IN:\OpenCV\opencv\build\include /ZI /nologo /W4 /WX- /Od /Oi /Oy- /D WIN32 /D _DEBUG /D DEBUG /D PROFILE /D _WINDOWS /D _WIN32_WINNT=0x0600 /D _UNICODE /D UNICODE /Gm- /EHsc /RTC1 /MDd /GS /arch:SSE2 /fp:fast /Zc:wchar_t /Zc:forScope /openmp- /Fo"Debug\\" /Fd"Debug\vc110.pdb" /Gd /TP /analyze- /errorReport:prompt  Tutorial05.cpp
         Tutorial05.cpp
     1>n:\year 3\creative technology project\c++\tutorial05\tutorial05.cpp(547): warning C4244: 'argument' : conversion from 'UINT' to 'float', possible loss of data
     1>n:\year 3\creative technology project\c++\tutorial05\tutorial05.cpp(773): warning C4189: 'minDepth' : local variable is initialized but not referenced
     1>n:\year 3\creative technology project\c++\tutorial05\tutorial05.cpp(774): warning C4189: 'maxDepth' : local variable is initialized but not referenced
     1>n:\year 3\creative technology project\c++\tutorial05\tutorial05.cpp(783): warning C4189: 'depth' : local variable is initialized but not referenced
     1>n:\year 3\creative technology project\c++\tutorial05\tutorial05.cpp(906): warning C4127: conditional expression is constant
     1>n:\year 3\creative technology project\c++\tutorial05\tutorial05.cpp(945): warning C4244: 'initializing' : conversion from 'double' to 'int', possible loss of data
     1>n:\year 3\creative technology project\c++\tutorial05\tutorial05.cpp(946): warning C4244: 'initializing' : conversion from 'double' to 'int', possible loss of data
     1>n:\year 3\creative technology project\c++\tutorial05\tutorial05.cpp(864): warning C4100: 'argv' : unreferenced formal parameter
     1>n:\year 3\creative technology project\c++\tutorial05\tutorial05.cpp(864): warning C4100: 'argc' : unreferenced formal parameter
       Link:
         C:\Program Files (x86)\Microsoft Visual Studio 11.0\VC\bin\link.exe /ERRORREPORT:PROMPT /OUT:"N:\Year 3\Creative Technology Project\C++\Debug\Tutorial05.exe" /INCREMENTAL /NOLOGO /LIBPATH:N:\OpenCV\opencv\build\x86\vc11\lib /LIBPATH:"C:\Program Files\Microsoft SDKs\Kinect\v1.8\lib" d3d11.lib d3dcompiler.lib dxguid.lib winmm.lib comctl32.lib kernel32.lib user32.lib gdi32.lib winspool.lib comdlg32.lib advapi32.lib shell32.lib ole32.lib oleaut32.lib uuid.lib odbc32.lib odbccp32.lib opencv_calib3d2411d.lib opencv_contrib2411.lib opencv_contrib2411d.lib opencv_core2411.lib opencv_features2d2411.lib opencv_features2d2411d.lib opencv_flann2411.lib opencv_flann2411d.lib opencv_gpu2411.lib opencv_gpu2411d.lib opencv_highgui2411.lib opencv_highgui2411d.lib opencv_imgproc2411.lib opencv_imgproc2411d.lib opencv_legacy2411.lib opencv_legacy2411d.lib opencv_ml2411.lib opencv_ml2411d.lib opencv_nonfree2411.lib opencv_nonfree2411d.lib opencv_objdetect2411.lib opencv_objdetect2411d.lib opencv_ocl2411.lib opencv_ocl2411d.lib opencv_photo2411.lib opencv_photo2411d.lib opencv_stitching2411.lib opencv_stitching2411d.lib opencv_superres2411.lib opencv_superres2411d.lib opencv_ts2411.lib opencv_ts2411d.lib opencv_video2411.lib opencv_video2411d.lib opencv_videostab2411.lib opencv_videostab2411d.lib kinect10.lib /MANIFEST /MANIFESTUAC:"level='asInvoker' uiAccess='false'" /manifest:embed /manifestinput:"C:\Program Files (x86)\Microsoft Visual Studio 11.0\VC\Include\Manifest\dpiaware.manifest" /DEBUG /PDB:"N:\Year 3\Creative Technology Project\C++\Debug\Tutorial05.pdb" /SUBSYSTEM:WINDOWS /LARGEADDRESSAWARE /TLBID:1 /DYNAMICBASE /NXCOMPAT /IMPLIB:"N:\Year 3\Creative Technology Project\C++\Debug\Tutorial05.lib" /MACHINE:X86 /SAFESEH  Debug\Tutorial05.res
         Debug\Tutorial05.obj
         Tutorial05_2012.vcxproj -> N:\Year 3\Creative Technology Project\C++\Debug\Tutorial05.exe
     1>Done Building Project "N:\Year 3\Creative Technology Project\C++\Tutorial05\Tutorial05_2012.vcxproj" (Build target(s)).

Build succeeded.

Time Elapsed 00:00:09.91
